<?xml version="1.0" encoding="UTF-8"?>
<!-- Generated by org.testng.reporters.JUnitXMLReporter -->
<testsuite hostname="wujuan-PC" name="Login" tests="7" failures="1" timestamp="1 Aug 2017 07:49:11 GMT" time="14.802" errors="0">
  <testcase name="login" time="0.513" classname="com.blueway.test.uit.testcase.login.Login_001"/>
  <testcase name="login" time="0.433" classname="com.blueway.test.uit.testcase.login.Login_002"/>
  <testcase name="login" time="0.393" classname="com.blueway.test.uit.testcase.login.Login_002"/>
  <testcase name="login" time="0.379" classname="com.blueway.test.uit.testcase.login.Login_002"/>
  <testcase name="login" time="0.386" classname="com.blueway.test.uit.testcase.login.Login_002">
    <failure type="java.lang.AssertionError" message="期望的文字是 [此用户不存在!] 但是找到了 [密码错误!]">
      <![CDATA[java.lang.AssertionError: 期望的文字是 [此用户不存在!] 但是找到了 [密码错误!]
	at com.blueway.test.uit.utils.SeleniumUtils.isTextCorrect(SeleniumUtils.java:120)
	at com.blueway.test.uit.pages.impl.LoginPage.checkUserName(LoginPage.java:36)
	at com.blueway.test.uit.testcase.login.Login_002.login(Login_002.java:16)
... Removed 25 stack frames]]>
    </failure>
  </testcase> <!-- login -->
  <testcase name="login" time="0.35" classname="com.blueway.test.uit.testcase.login.Login_002"/>
  <testcase name="login" time="0.364" classname="com.blueway.test.uit.testcase.login.Login_002"/>
</testsuite> <!-- Login -->
