<?xml version="1.0" encoding="UTF-8"?>
<testng-results skipped="0" failed="0" total="16" passed="16">
  <reporter-output>
  </reporter-output>
  <suite name="Suite" duration-ms="27558" started-at="2017-08-03T07:10:51Z" finished-at="2017-08-03T07:11:19Z">
    <groups>
    </groups>
    <test name="Login" duration-ms="27558" started-at="2017-08-03T07:10:51Z" finished-at="2017-08-03T07:11:19Z">
      <class name="com.blueway.ekor.uit.testcase.bet.Bet_001">
        <test-method status="PASS" signature="startTest(org.testng.ITestContext)[pri:0, instance:com.blueway.ekor.uit.testcase.bet.Bet_001@5cc7c2a6]" name="startTest" is-config="true" duration-ms="6023" started-at="2017-08-03T15:10:51Z" finished-at="2017-08-03T15:10:57Z">
          <params>
            <param index="0">
              <value>
                <![CDATA[org.testng.TestRunner@30b19518]]>
              </value>
            </param>
          </params>
          <reporter-output>
          </reporter-output>
        </test-method> <!-- startTest -->
        <test-method status="PASS" signature="login()[pri:0, instance:com.blueway.ekor.uit.testcase.bet.Bet_001@5cc7c2a6]" name="login" duration-ms="933" started-at="2017-08-03T15:10:57Z" finished-at="2017-08-03T15:10:58Z">
          <reporter-output>
          </reporter-output>
        </test-method> <!-- login -->
        <test-method status="PASS" signature="bet(java.util.Map)[pri:0, instance:com.blueway.ekor.uit.testcase.bet.Bet_001@5cc7c2a6]" name="bet" duration-ms="1168" started-at="2017-08-03T15:10:58Z" data-provider="testData" depends-on-methods="com.blueway.ekor.uit.testcase.bet.Bet_001.login" finished-at="2017-08-03T15:11:00Z">
          <params>
            <param index="0">
              <value>
                <![CDATA[{DRAWDATE=08/01/2017, BIG=0.1, A=0.1, ISJP=Y, NUMBER=1004, SMALL=0.1, CASEID=T001, DRAW=MKTS, USER=10011001, CASENAME=成功投注4D, TYPE=4D, EXP_RESULT=success}]]>
              </value>
            </param>
          </params>
          <reporter-output>
          </reporter-output>
        </test-method> <!-- bet -->
        <test-method status="PASS" signature="bet(java.util.Map)[pri:0, instance:com.blueway.ekor.uit.testcase.bet.Bet_001@5cc7c2a6]" name="bet" duration-ms="801" started-at="2017-08-03T15:11:00Z" data-provider="testData" depends-on-methods="com.blueway.ekor.uit.testcase.bet.Bet_001.login" finished-at="2017-08-03T15:11:00Z">
          <params>
            <param index="0">
              <value>
                <![CDATA[{DRAWDATE=08/01/2017, BIG=0.1, A=0, ISJP=Y, NUMBER=103, SMALL=0.1, CASEID=T002, DRAW=MKTS, USER=10011001, CASENAME=成功投注3D, TYPE=3D, EXP_RESULT=success}]]>
              </value>
            </param>
          </params>
          <reporter-output>
          </reporter-output>
        </test-method> <!-- bet -->
        <test-method status="PASS" signature="bet(java.util.Map)[pri:0, instance:com.blueway.ekor.uit.testcase.bet.Bet_001@5cc7c2a6]" name="bet" duration-ms="638" started-at="2017-08-03T15:11:00Z" data-provider="testData" depends-on-methods="com.blueway.ekor.uit.testcase.bet.Bet_001.login" finished-at="2017-08-03T15:11:01Z">
          <params>
            <param index="0">
              <value>
                <![CDATA[{DRAWDATE=08/01/2017, BIG=0.1, A=0.1, ISJP=Y, NUMBER=10005, SMALL=0.1, CASEID=T003, DRAW=T5, USER=10011001, CASENAME=成功投注T5, TYPE=T5, EXP_RESULT=success}]]>
              </value>
            </param>
          </params>
          <reporter-output>
          </reporter-output>
        </test-method> <!-- bet -->
        <test-method status="PASS" signature="bet(java.util.Map)[pri:0, instance:com.blueway.ekor.uit.testcase.bet.Bet_001@5cc7c2a6]" name="bet" duration-ms="666" started-at="2017-08-03T15:11:01Z" data-provider="testData" depends-on-methods="com.blueway.ekor.uit.testcase.bet.Bet_001.login" finished-at="2017-08-03T15:11:02Z">
          <params>
            <param index="0">
              <value>
                <![CDATA[{DRAWDATE=08/01/2017, BIG=0.1, A=0.1, ISJP=Y, NUMBER=100006, SMALL=0.1, CASEID=T004, DRAW=T6, USER=10011001, CASENAME=成功投注T6, TYPE=T6, EXP_RESULT=success}]]>
              </value>
            </param>
          </params>
          <reporter-output>
          </reporter-output>
        </test-method> <!-- bet -->
        <test-method status="PASS" signature="bet(java.util.Map)[pri:0, instance:com.blueway.ekor.uit.testcase.bet.Bet_001@5cc7c2a6]" name="bet" duration-ms="1035" started-at="2017-08-03T15:11:02Z" data-provider="testData" depends-on-methods="com.blueway.ekor.uit.testcase.bet.Bet_001.login" finished-at="2017-08-03T15:11:03Z">
          <params>
            <param index="0">
              <value>
                <![CDATA[{DRAWDATE=08/01/2017, BIG=0.1, A=0.1, ISJP=Y, NUMBER=1001R, SMALL=0.1, CASEID=T005, DRAW=MKTS, USER=10011001, CASENAME=成功投注4D_R, TYPE=4D, EXP_RESULT=success}]]>
              </value>
            </param>
          </params>
          <reporter-output>
          </reporter-output>
        </test-method> <!-- bet -->
        <test-method status="PASS" signature="bet(java.util.Map)[pri:0, instance:com.blueway.ekor.uit.testcase.bet.Bet_001@5cc7c2a6]" name="bet" duration-ms="1053" started-at="2017-08-03T15:11:03Z" data-provider="testData" depends-on-methods="com.blueway.ekor.uit.testcase.bet.Bet_001.login" finished-at="2017-08-03T15:11:04Z">
          <params>
            <param index="0">
              <value>
                <![CDATA[{DRAWDATE=08/01/2017, BIG=0.1, A=0.1, ISJP=Y, NUMBER=100X, SMALL=0.1, CASEID=T006, DRAW=MKTS, USER=10011001, CASENAME=成功投注4D_X, TYPE=4D, EXP_RESULT=success}]]>
              </value>
            </param>
          </params>
          <reporter-output>
          </reporter-output>
        </test-method> <!-- bet -->
        <test-method status="PASS" signature="bet(java.util.Map)[pri:0, instance:com.blueway.ekor.uit.testcase.bet.Bet_001@5cc7c2a6]" name="bet" duration-ms="1152" started-at="2017-08-03T15:11:04Z" data-provider="testData" depends-on-methods="com.blueway.ekor.uit.testcase.bet.Bet_001.login" finished-at="2017-08-03T15:11:05Z">
          <params>
            <param index="0">
              <value>
                <![CDATA[{DRAWDATE=08/01/2017, BIG=0.1, A=0.1, ISJP=Y, NUMBER=10XX, SMALL=0.1, CASEID=T007, DRAW=MKTS, USER=10011001, CASENAME=成功投注4D_XX, TYPE=4D, EXP_RESULT=success}]]>
              </value>
            </param>
          </params>
          <reporter-output>
          </reporter-output>
        </test-method> <!-- bet -->
        <test-method status="PASS" signature="bet(java.util.Map)[pri:0, instance:com.blueway.ekor.uit.testcase.bet.Bet_001@5cc7c2a6]" name="bet" duration-ms="6175" started-at="2017-08-03T15:11:05Z" data-provider="testData" depends-on-methods="com.blueway.ekor.uit.testcase.bet.Bet_001.login" finished-at="2017-08-03T15:11:11Z">
          <params>
            <param index="0">
              <value>
                <![CDATA[{DRAWDATE=08/01/2017, BIG=0.1, A=0.1, ISJP=Y, NUMBER=1001B, SMALL=0.1, CASEID=T008, DRAW=MKTS, USER=10011001, CASENAME=成功投注4D_B, TYPE=4D, EXP_RESULT=success}]]>
              </value>
            </param>
          </params>
          <reporter-output>
          </reporter-output>
        </test-method> <!-- bet -->
        <test-method status="PASS" signature="bet(java.util.Map)[pri:0, instance:com.blueway.ekor.uit.testcase.bet.Bet_001@5cc7c2a6]" name="bet" duration-ms="881" started-at="2017-08-03T15:11:11Z" data-provider="testData" depends-on-methods="com.blueway.ekor.uit.testcase.bet.Bet_001.login" finished-at="2017-08-03T15:11:12Z">
          <params>
            <param index="0">
              <value>
                <![CDATA[{DRAWDATE=08/01/2017, BIG=0.1, A=0.1, ISJP=Y, NUMBER=1003R, SMALL=0.1, CASEID=T009, DRAW=MKTS, USER=10011001, CASENAME=成功投注3D_R, TYPE=3D, EXP_RESULT=success}]]>
              </value>
            </param>
          </params>
          <reporter-output>
          </reporter-output>
        </test-method> <!-- bet -->
        <test-method status="PASS" signature="bet(java.util.Map)[pri:0, instance:com.blueway.ekor.uit.testcase.bet.Bet_001@5cc7c2a6]" name="bet" duration-ms="937" started-at="2017-08-03T15:11:12Z" data-provider="testData" depends-on-methods="com.blueway.ekor.uit.testcase.bet.Bet_001.login" finished-at="2017-08-03T15:11:13Z">
          <params>
            <param index="0">
              <value>
                <![CDATA[{DRAWDATE=08/01/2017, BIG=0.1, A=0.1, ISJP=Y, NUMBER=10X, SMALL=0.1, CASEID=T010, DRAW=MKTS, USER=10011001, CASENAME=成功投注3D_X, TYPE=3D, EXP_RESULT=success}]]>
              </value>
            </param>
          </params>
          <reporter-output>
          </reporter-output>
        </test-method> <!-- bet -->
        <test-method status="PASS" signature="bet(java.util.Map)[pri:0, instance:com.blueway.ekor.uit.testcase.bet.Bet_001@5cc7c2a6]" name="bet" duration-ms="1018" started-at="2017-08-03T15:11:13Z" data-provider="testData" depends-on-methods="com.blueway.ekor.uit.testcase.bet.Bet_001.login" finished-at="2017-08-03T15:11:14Z">
          <params>
            <param index="0">
              <value>
                <![CDATA[{DRAWDATE=08/01/2017, BIG=0.1, A=0.1, ISJP=Y, NUMBER=1000X, SMALL=0.1, CASEID=T011, DRAW=T5, USER=10011001, CASENAME=成功投注T5_X, TYPE=T5, EXP_RESULT=success}]]>
              </value>
            </param>
          </params>
          <reporter-output>
          </reporter-output>
        </test-method> <!-- bet -->
        <test-method status="PASS" signature="bet(java.util.Map)[pri:0, instance:com.blueway.ekor.uit.testcase.bet.Bet_001@5cc7c2a6]" name="bet" duration-ms="535" started-at="2017-08-03T15:11:14Z" data-provider="testData" depends-on-methods="com.blueway.ekor.uit.testcase.bet.Bet_001.login" finished-at="2017-08-03T15:11:14Z">
          <params>
            <param index="0">
              <value>
                <![CDATA[{DRAWDATE=08/01/2017, BIG=0.1, A=0.1, ISJP=Y, NUMBER=100XX, SMALL=0.1, CASEID=T012, DRAW=T5, USER=10011001, CASENAME=成功投注T5_XX, TYPE=T5, EXP_RESULT=success}]]>
              </value>
            </param>
          </params>
          <reporter-output>
          </reporter-output>
        </test-method> <!-- bet -->
        <test-method status="PASS" signature="bet(java.util.Map)[pri:0, instance:com.blueway.ekor.uit.testcase.bet.Bet_001@5cc7c2a6]" name="bet" duration-ms="1607" started-at="2017-08-03T15:11:14Z" data-provider="testData" depends-on-methods="com.blueway.ekor.uit.testcase.bet.Bet_001.login" finished-at="2017-08-03T15:11:16Z">
          <params>
            <param index="0">
              <value>
                <![CDATA[{DRAWDATE=08/01/2017, BIG=0.1, A=0.1, ISJP=Y, NUMBER=10005B, SMALL=0.1, CASEID=T013, DRAW=T5, USER=10011001, CASENAME=成功投注T5_B, TYPE=T5, EXP_RESULT=success}]]>
              </value>
            </param>
          </params>
          <reporter-output>
          </reporter-output>
        </test-method> <!-- bet -->
        <test-method status="PASS" signature="bet(java.util.Map)[pri:0, instance:com.blueway.ekor.uit.testcase.bet.Bet_001@5cc7c2a6]" name="bet" duration-ms="584" started-at="2017-08-03T15:11:16Z" data-provider="testData" depends-on-methods="com.blueway.ekor.uit.testcase.bet.Bet_001.login" finished-at="2017-08-03T15:11:17Z">
          <params>
            <param index="0">
              <value>
                <![CDATA[{DRAWDATE=08/01/2017, BIG=0.1, A=0.1, ISJP=Y, NUMBER=10000X, SMALL=0.1, CASEID=T014, DRAW=T6, USER=10011001, CASENAME=成功投注T6_X, TYPE=T6, EXP_RESULT=success}]]>
              </value>
            </param>
          </params>
          <reporter-output>
          </reporter-output>
        </test-method> <!-- bet -->
        <test-method status="PASS" signature="bet(java.util.Map)[pri:0, instance:com.blueway.ekor.uit.testcase.bet.Bet_001@5cc7c2a6]" name="bet" duration-ms="680" started-at="2017-08-03T15:11:17Z" data-provider="testData" depends-on-methods="com.blueway.ekor.uit.testcase.bet.Bet_001.login" finished-at="2017-08-03T15:11:17Z">
          <params>
            <param index="0">
              <value>
                <![CDATA[{DRAWDATE=08/01/2017, BIG=0.1, A=0.1, ISJP=Y, NUMBER=1000XX, SMALL=0.1, CASEID=T015, DRAW=T6, USER=10011001, CASENAME=成功投注T6_XX, TYPE=T6, EXP_RESULT=success}]]>
              </value>
            </param>
          </params>
          <reporter-output>
          </reporter-output>
        </test-method> <!-- bet -->
        <test-method status="PASS" signature="endTest()[pri:0, instance:com.blueway.ekor.uit.testcase.bet.Bet_001@5cc7c2a6]" name="endTest" is-config="true" duration-ms="1476" started-at="2017-08-03T15:11:17Z" finished-at="2017-08-03T15:11:19Z">
          <reporter-output>
          </reporter-output>
        </test-method> <!-- endTest -->
      </class> <!-- com.blueway.ekor.uit.testcase.bet.Bet_001 -->
    </test> <!-- Login -->
  </suite> <!-- Suite -->
</testng-results>
