<?xml version="1.0" encoding="UTF-8"?>
<!-- Generated by org.testng.reporters.JUnitXMLReporter -->
<testsuite hostname="wujuan-PC" name="Login" tests="10" failures="7" timestamp="18 Aug 2017 07:54:33 GMT" time="17.298" errors="0">
  <testcase name="login" time="0.413" classname="com.blueway.ekor.uit.testcase.login.Login_001"/>
  <testcase name="login" time="0.447" classname="com.blueway.ekor.uit.testcase.login.Login_002">
    <failure type="java.lang.AssertionError" message="预期的文字是 【此用户不存在!】 ，实际结果 【*验证码错误!!】">
      <![CDATA[java.lang.AssertionError: 预期的文字是 【此用户不存在!】 ，实际结果 【*验证码错误!!】
	at com.blueway.ekor.uit.utils.SeleniumUtils.isTextCorrect(SeleniumUtils.java:187)
	at com.blueway.ekor.uit.pages.impl.LoginPage.checkUserName(LoginPage.java:35)
	at com.blueway.ekor.uit.testcase.login.Login_002.login(Login_002.java:16)
... Removed 25 stack frames]]>
    </failure>
  </testcase> <!-- login -->
  <testcase name="login" time="0.353" classname="com.blueway.ekor.uit.testcase.login.Login_002">
    <failure type="java.lang.AssertionError" message="预期的文字是 【此用户不存在!】 ，实际结果 【*验证码错误!!】">
      <![CDATA[java.lang.AssertionError: 预期的文字是 【此用户不存在!】 ，实际结果 【*验证码错误!!】
	at com.blueway.ekor.uit.utils.SeleniumUtils.isTextCorrect(SeleniumUtils.java:187)
	at com.blueway.ekor.uit.pages.impl.LoginPage.checkUserName(LoginPage.java:35)
	at com.blueway.ekor.uit.testcase.login.Login_002.login(Login_002.java:16)
... Removed 25 stack frames]]>
    </failure>
  </testcase> <!-- login -->
  <testcase name="login" time="0.357" classname="com.blueway.ekor.uit.testcase.login.Login_002">
    <failure type="java.lang.AssertionError" message="预期的文字是 【此用户不存在!】 ，实际结果 【*验证码错误!!】">
      <![CDATA[java.lang.AssertionError: 预期的文字是 【此用户不存在!】 ，实际结果 【*验证码错误!!】
	at com.blueway.ekor.uit.utils.SeleniumUtils.isTextCorrect(SeleniumUtils.java:187)
	at com.blueway.ekor.uit.pages.impl.LoginPage.checkUserName(LoginPage.java:35)
	at com.blueway.ekor.uit.testcase.login.Login_002.login(Login_002.java:16)
... Removed 25 stack frames]]>
    </failure>
  </testcase> <!-- login -->
  <testcase name="login" time="0.361" classname="com.blueway.ekor.uit.testcase.login.Login_002">
    <failure type="java.lang.AssertionError" message="预期的文字是 【此用户不存在!】 ，实际结果 【*验证码错误!!】">
      <![CDATA[java.lang.AssertionError: 预期的文字是 【此用户不存在!】 ，实际结果 【*验证码错误!!】
	at com.blueway.ekor.uit.utils.SeleniumUtils.isTextCorrect(SeleniumUtils.java:187)
	at com.blueway.ekor.uit.pages.impl.LoginPage.checkUserName(LoginPage.java:35)
	at com.blueway.ekor.uit.testcase.login.Login_002.login(Login_002.java:16)
... Removed 25 stack frames]]>
    </failure>
  </testcase> <!-- login -->
  <testcase name="login" time="0.401" classname="com.blueway.ekor.uit.testcase.login.Login_002">
    <failure type="java.lang.AssertionError" message="预期的文字是 【此用户不存在!】 ，实际结果 【*验证码错误!!】">
      <![CDATA[java.lang.AssertionError: 预期的文字是 【此用户不存在!】 ，实际结果 【*验证码错误!!】
	at com.blueway.ekor.uit.utils.SeleniumUtils.isTextCorrect(SeleniumUtils.java:187)
	at com.blueway.ekor.uit.pages.impl.LoginPage.checkUserName(LoginPage.java:35)
	at com.blueway.ekor.uit.testcase.login.Login_002.login(Login_002.java:16)
... Removed 25 stack frames]]>
    </failure>
  </testcase> <!-- login -->
  <testcase name="login" time="0.358" classname="com.blueway.ekor.uit.testcase.login.Login_002">
    <failure type="java.lang.AssertionError" message="预期的文字是 【密码错误!】 ，实际结果 【*验证码错误!!】">
      <![CDATA[java.lang.AssertionError: 预期的文字是 【密码错误!】 ，实际结果 【*验证码错误!!】
	at com.blueway.ekor.uit.utils.SeleniumUtils.isTextCorrect(SeleniumUtils.java:187)
	at com.blueway.ekor.uit.pages.impl.LoginPage.checkUserName(LoginPage.java:35)
	at com.blueway.ekor.uit.testcase.login.Login_002.login(Login_002.java:16)
... Removed 25 stack frames]]>
    </failure>
  </testcase> <!-- login -->
  <testcase name="login" time="0.38" classname="com.blueway.ekor.uit.testcase.login.Login_002">
    <failure type="java.lang.AssertionError" message="预期的文字是 【密码错误!】 ，实际结果 【*验证码错误!!】">
      <![CDATA[java.lang.AssertionError: 预期的文字是 【密码错误!】 ，实际结果 【*验证码错误!!】
	at com.blueway.ekor.uit.utils.SeleniumUtils.isTextCorrect(SeleniumUtils.java:187)
	at com.blueway.ekor.uit.pages.impl.LoginPage.checkUserName(LoginPage.java:35)
	at com.blueway.ekor.uit.testcase.login.Login_002.login(Login_002.java:16)
... Removed 25 stack frames]]>
    </failure>
  </testcase> <!-- login -->
  <testcase name="login" time="0.375" classname="com.blueway.ekor.uit.testcase.login.Login_002"/>
  <testcase name="login" time="0.365" classname="com.blueway.ekor.uit.testcase.login.Login_002"/>
</testsuite> <!-- Login -->
